app/build/intermediates/manifest_merge_blame_file/release/manifest-merger-blame-release-report.txt
1<?xml version="1.0" encoding="utf-8"?>
2<manifest xmlns:android="http://schemas.android.com/apk/res/android"
3    package="com.magnifying.glass.magnifiercamera.flashlight"
4    android:versionCode="11"
5    android:versionName="1.0.10" >
6
7    <uses-sdk
8        android:minSdkVersion="21"
9        android:targetSdkVersion="34" />
10
11    <uses-permission android:name="com.google.android.gms.permission.AD_ID" />
11-->src\main\AndroidManifest.xml:5:5-79
11-->src\main\AndroidManifest.xml:5:22-76
12    <uses-permission android:name="android.permission.FLASHLIGHT" />
12-->src\main\AndroidManifest.xml:6:5-69
12-->src\main\AndroidManifest.xml:6:22-66
13    <uses-permission android:name="android.permission.INTERNET" />
13-->src\main\AndroidManifest.xml:7:5-67
13-->src\main\AndroidManifest.xml:7:22-64
14    <uses-permission android:name="android.permission.CAMERA" />
14-->src\main\AndroidManifest.xml:8:5-65
14-->src\main\AndroidManifest.xml:8:22-62
15
16    <uses-feature android:name="android.hardware.camera" />
16-->src\main\AndroidManifest.xml:10:5-60
16-->src\main\AndroidManifest.xml:10:19-57
17
18    <uses-permission android:name="android.permission.READ_EXTERNAL_STORAGE" />
18-->src\main\AndroidManifest.xml:12:5-80
18-->src\main\AndroidManifest.xml:12:22-77
19    <uses-permission android:name="android.permission.WRITE_EXTERNAL_STORAGE" />
19-->src\main\AndroidManifest.xml:13:5-81
19-->src\main\AndroidManifest.xml:13:22-78
20    <uses-permission android:name="android.permission.READ_MEDIA_IMAGES" />
20-->src\main\AndroidManifest.xml:14:5-76
20-->src\main\AndroidManifest.xml:14:22-73
21
22    <uses-feature
22-->src\main\AndroidManifest.xml:16:5-18:36
23        android:name="android.hardware.camera.flash"
23-->src\main\AndroidManifest.xml:17:9-53
24        android:required="false" />
24-->src\main\AndroidManifest.xml:18:9-33
25
26    <uses-permission android:name="android.permission.ACCESS_NETWORK_STATE" />
26-->[com.google.firebase:firebase-messaging:23.4.1] AndroidManifest.xml:22:5-79
26-->[com.google.firebase:firebase-messaging:23.4.1] AndroidManifest.xml:22:22-76
27    <uses-permission android:name="android.permission.POST_NOTIFICATIONS" />
27-->[com.google.firebase:firebase-messaging:23.4.1] AndroidManifest.xml:23:5-77
27-->[com.google.firebase:firebase-messaging:23.4.1] AndroidManifest.xml:23:22-74
28    <uses-permission android:name="android.permission.WAKE_LOCK" /> <!-- Required by older versions of Google Play services to create IID tokens -->
28-->[com.google.firebase:firebase-messaging:23.4.1] AndroidManifest.xml:24:5-68
28-->[com.google.firebase:firebase-messaging:23.4.1] AndroidManifest.xml:24:22-65
29    <uses-permission android:name="com.google.android.c2dm.permission.RECEIVE" />
29-->[com.google.firebase:firebase-messaging:23.4.1] AndroidManifest.xml:26:5-82
29-->[com.google.firebase:firebase-messaging:23.4.1] AndroidManifest.xml:26:22-79
30    <uses-permission android:name="android.permission.ACCESS_ADSERVICES_ATTRIBUTION" />
30-->[com.google.android.gms:play-services-measurement-api:21.5.1] AndroidManifest.xml:26:5-88
30-->[com.google.android.gms:play-services-measurement-api:21.5.1] AndroidManifest.xml:26:22-85
31    <uses-permission android:name="android.permission.ACCESS_ADSERVICES_AD_ID" />
31-->[com.google.android.gms:play-services-measurement-api:21.5.1] AndroidManifest.xml:27:5-82
31-->[com.google.android.gms:play-services-measurement-api:21.5.1] AndroidManifest.xml:27:22-79
32    <uses-permission android:name="com.android.vending.BILLING" />
32-->[com.android.billingclient:billing:7.0.0] AndroidManifest.xml:10:5-67
32-->[com.android.billingclient:billing:7.0.0] AndroidManifest.xml:10:22-64
33
34    <queries>
34-->[com.android.billingclient:billing:7.0.0] AndroidManifest.xml:12:5-16:15
35        <intent>
35-->[com.android.billingclient:billing:7.0.0] AndroidManifest.xml:13:9-15:18
36            <action android:name="com.android.vending.billing.InAppBillingService.BIND" />
36-->[com.android.billingclient:billing:7.0.0] AndroidManifest.xml:14:13-91
36-->[com.android.billingclient:billing:7.0.0] AndroidManifest.xml:14:21-88
37        </intent>
38        <!-- For browser content -->
39        <intent>
39-->[com.google.android.gms:play-services-ads-lite:23.3.0] AndroidManifest.xml:38:9-44:18
40            <action android:name="android.intent.action.VIEW" />
40-->[com.google.android.gms:play-services-ads-lite:23.3.0] AndroidManifest.xml:39:13-65
40-->[com.google.android.gms:play-services-ads-lite:23.3.0] AndroidManifest.xml:39:21-62
41
42            <category android:name="android.intent.category.BROWSABLE" />
42-->[com.google.android.gms:play-services-ads-lite:23.3.0] AndroidManifest.xml:41:13-74
42-->[com.google.android.gms:play-services-ads-lite:23.3.0] AndroidManifest.xml:41:23-71
43
44            <data android:scheme="https" />
44-->[com.google.android.gms:play-services-ads-lite:23.3.0] AndroidManifest.xml:43:13-44
44-->[com.google.android.gms:play-services-ads-lite:23.3.0] AndroidManifest.xml:43:19-41
45        </intent> <!-- End of browser content -->
46        <!-- For CustomTabsService -->
47        <intent>
47-->[com.google.android.gms:play-services-ads-lite:23.3.0] AndroidManifest.xml:47:9-49:18
48            <action android:name="android.support.customtabs.action.CustomTabsService" />
48-->[com.google.android.gms:play-services-ads-lite:23.3.0] AndroidManifest.xml:48:13-90
48-->[com.google.android.gms:play-services-ads-lite:23.3.0] AndroidManifest.xml:48:21-87
49        </intent>
50    </queries>
51
52    <uses-permission android:name="com.google.android.finsky.permission.BIND_GET_INSTALL_REFERRER_SERVICE" />
52-->[com.google.android.gms:play-services-measurement:21.5.1] AndroidManifest.xml:26:5-110
52-->[com.google.android.gms:play-services-measurement:21.5.1] AndroidManifest.xml:26:22-107
53    <uses-permission android:name="android.permission.ACCESS_ADSERVICES_TOPICS" />
53-->[com.google.android.gms:play-services-ads-lite:23.3.0] AndroidManifest.xml:29:5-83
53-->[com.google.android.gms:play-services-ads-lite:23.3.0] AndroidManifest.xml:29:22-80
54    <uses-permission android:name="android.permission.FOREGROUND_SERVICE" />
54-->[androidx.work:work-runtime:2.7.0] AndroidManifest.xml:28:5-77
54-->[androidx.work:work-runtime:2.7.0] AndroidManifest.xml:28:22-74
55
56    <permission
56-->[androidx.core:core:1.13.0] AndroidManifest.xml:22:5-24:47
57        android:name="com.magnifying.glass.magnifiercamera.flashlight.DYNAMIC_RECEIVER_NOT_EXPORTED_PERMISSION"
57-->[androidx.core:core:1.13.0] AndroidManifest.xml:23:9-81
58        android:protectionLevel="signature" />
58-->[androidx.core:core:1.13.0] AndroidManifest.xml:24:9-44
59
60    <uses-permission android:name="com.magnifying.glass.magnifiercamera.flashlight.DYNAMIC_RECEIVER_NOT_EXPORTED_PERMISSION" />
60-->[androidx.core:core:1.13.0] AndroidManifest.xml:26:5-97
60-->[androidx.core:core:1.13.0] AndroidManifest.xml:26:22-94
61
62    <application
62-->src\main\AndroidManifest.xml:20:5-103:19
63        android:name="com.example.magnifyingglass.magnifier.utils.MyApp"
63-->src\main\AndroidManifest.xml:21:9-36
64        android:allowBackup="false"
64-->src\main\AndroidManifest.xml:22:9-36
65        android:appComponentFactory="androidx.core.app.CoreComponentFactory"
65-->[androidx.core:core:1.13.0] AndroidManifest.xml:28:18-86
66        android:extractNativeLibs="true"
67        android:hardwareAccelerated="true"
67-->src\main\AndroidManifest.xml:23:9-43
68        android:icon="@drawable/app_icon"
68-->src\main\AndroidManifest.xml:24:9-42
69        android:label="@string/app_name"
69-->src\main\AndroidManifest.xml:25:9-41
70        android:largeHeap="true"
70-->src\main\AndroidManifest.xml:26:9-33
71        android:requestLegacyExternalStorage="true"
71-->src\main\AndroidManifest.xml:27:9-52
72        android:roundIcon="@drawable/app_icon"
72-->src\main\AndroidManifest.xml:28:9-47
73        android:supportsRtl="true"
73-->src\main\AndroidManifest.xml:29:9-35
74        android:theme="@style/Theme.Magnifier" >
74-->src\main\AndroidManifest.xml:30:9-47
75        <activity
75-->src\main\AndroidManifest.xml:31:9-33:40
76            android:name="com.example.magnifyingglass.magnifier.ui.activites.BillingActivity"
76-->src\main\AndroidManifest.xml:32:13-57
77            android:exported="false" />
77-->src\main\AndroidManifest.xml:33:13-37
78        <activity
78-->src\main\AndroidManifest.xml:34:9-36:40
79            android:name="com.example.magnifyingglass.magnifier.ui.activites.PdfMagnifierActivity"
79-->src\main\AndroidManifest.xml:35:13-62
80            android:exported="false" />
80-->src\main\AndroidManifest.xml:36:13-37
81        <activity
81-->src\main\AndroidManifest.xml:37:9-39:40
82            android:name="com.example.magnifyingglass.magnifier.ui.activites.SettingsActivity"
82-->src\main\AndroidManifest.xml:38:13-58
83            android:exported="false" />
83-->src\main\AndroidManifest.xml:39:13-37
84        <activity
84-->src\main\AndroidManifest.xml:40:9-42:40
85            android:name="com.example.magnifyingglass.magnifier.ui.activites.FlashLightActivity"
85-->src\main\AndroidManifest.xml:41:13-60
86            android:exported="false" />
86-->src\main\AndroidManifest.xml:42:13-37
87        <activity
87-->src\main\AndroidManifest.xml:43:9-46:52
88            android:name="com.example.magnifyingglass.magnifier.Language.LanguageActivity"
88-->src\main\AndroidManifest.xml:44:13-54
89            android:exported="false"
89-->src\main\AndroidManifest.xml:45:13-37
90            android:screenOrientation="nosensor" />
90-->src\main\AndroidManifest.xml:46:13-49
91        <activity
91-->src\main\AndroidManifest.xml:47:9-50:52
92            android:name="com.example.magnifyingglass.magnifier.ui.activites.ImageViewerScreen"
92-->src\main\AndroidManifest.xml:48:13-59
93            android:exported="false"
93-->src\main\AndroidManifest.xml:49:13-37
94            android:screenOrientation="nosensor" />
94-->src\main\AndroidManifest.xml:50:13-49
95        <activity
95-->src\main\AndroidManifest.xml:51:9-54:52
96            android:name="com.example.magnifyingglass.magnifier.ui.activites.SavedImagesScreen"
96-->src\main\AndroidManifest.xml:52:13-59
97            android:exported="false"
97-->src\main\AndroidManifest.xml:53:13-37
98            android:screenOrientation="nosensor" />
98-->src\main\AndroidManifest.xml:54:13-49
99        <activity
99-->src\main\AndroidManifest.xml:55:9-58:52
100            android:name="com.example.magnifyingglass.magnifier.ui.activites.OnBoardingScreen"
100-->src\main\AndroidManifest.xml:56:13-58
101            android:exported="false"
101-->src\main\AndroidManifest.xml:57:13-37
102            android:screenOrientation="nosensor" />
102-->src\main\AndroidManifest.xml:58:13-49
103        <activity
103-->src\main\AndroidManifest.xml:59:9-62:52
104            android:name="com.example.magnifyingglass.magnifier.ui.activites.ImageMagnifierScreen"
104-->src\main\AndroidManifest.xml:60:13-62
105            android:exported="false"
105-->src\main\AndroidManifest.xml:61:13-37
106            android:screenOrientation="nosensor" />
106-->src\main\AndroidManifest.xml:62:13-49
107        <activity
107-->src\main\AndroidManifest.xml:63:9-66:52
108            android:name="com.example.magnifyingglass.magnifier.ui.activites.LiveMagnifierScreen"
108-->src\main\AndroidManifest.xml:64:13-61
109            android:exported="false"
109-->src\main\AndroidManifest.xml:65:13-37
110            android:screenOrientation="nosensor" />
110-->src\main\AndroidManifest.xml:66:13-49
111        <activity
111-->src\main\AndroidManifest.xml:67:9-70:52
112            android:name="com.example.magnifyingglass.magnifier.ui.activites.MainScreen"
112-->src\main\AndroidManifest.xml:68:13-52
113            android:exported="false"
113-->src\main\AndroidManifest.xml:69:13-37
114            android:screenOrientation="nosensor" />
114-->src\main\AndroidManifest.xml:70:13-49
115        <activity
115-->src\main\AndroidManifest.xml:71:9-82:20
116            android:name="com.example.magnifyingglass.magnifier.ui.activites.SplashScreen"
116-->src\main\AndroidManifest.xml:72:13-54
117            android:exported="true"
117-->src\main\AndroidManifest.xml:73:13-36
118            android:noHistory="true"
118-->src\main\AndroidManifest.xml:74:13-37
119            android:screenOrientation="nosensor"
119-->src\main\AndroidManifest.xml:75:13-49
120            android:theme="@style/Theme.AppCompat.DayNight.NoActionBar" >
120-->src\main\AndroidManifest.xml:76:13-72
121            <intent-filter>
121-->src\main\AndroidManifest.xml:77:13-81:29
122                <action android:name="android.intent.action.MAIN" />
122-->src\main\AndroidManifest.xml:78:17-69
122-->src\main\AndroidManifest.xml:78:25-66
123
124                <category android:name="android.intent.category.LAUNCHER" />
124-->src\main\AndroidManifest.xml:80:17-77
124-->src\main\AndroidManifest.xml:80:27-74
125            </intent-filter>
126        </activity>
127
128        <meta-data
128-->src\main\AndroidManifest.xml:84:9-86:52
129            android:name="com.google.android.gms.ads.APPLICATION_ID"
129-->src\main\AndroidManifest.xml:85:13-69
130            android:value="@string/admob_app_id" />
130-->src\main\AndroidManifest.xml:86:13-49
131        <meta-data
131-->src\main\AndroidManifest.xml:87:9-89:53
132            android:name="com.google.firebase.messaging.default_notification_icon"
132-->src\main\AndroidManifest.xml:88:13-83
133            android:resource="@drawable/app_icon" />
133-->src\main\AndroidManifest.xml:89:13-50
134        <meta-data
134-->src\main\AndroidManifest.xml:90:9-92:54
135            android:name="com.google.firebase.messaging.default_notification_color"
135-->src\main\AndroidManifest.xml:91:13-84
136            android:resource="@color/colorPrimary" />
136-->src\main\AndroidManifest.xml:92:13-51
137
138        <provider
139            android:name="androidx.core.content.FileProvider"
139-->src\main\AndroidManifest.xml:95:13-62
140            android:authorities="com.magnifying.glass.magnifiercamera.flashlight.provider"
140-->src\main\AndroidManifest.xml:96:13-60
141            android:exported="false"
141-->src\main\AndroidManifest.xml:97:13-37
142            android:grantUriPermissions="true" >
142-->src\main\AndroidManifest.xml:98:13-47
143            <meta-data
143-->src\main\AndroidManifest.xml:99:13-101:54
144                android:name="android.support.FILE_PROVIDER_PATHS"
144-->src\main\AndroidManifest.xml:100:17-67
145                android:resource="@xml/file_paths" />
145-->src\main\AndroidManifest.xml:101:17-51
146        </provider>
147
148        <service
148-->[com.google.firebase:firebase-crashlytics:18.6.2] AndroidManifest.xml:12:9-21:19
149            android:name="com.google.firebase.components.ComponentDiscoveryService"
149-->[com.google.firebase:firebase-crashlytics:18.6.2] AndroidManifest.xml:13:13-84
150            android:directBootAware="true"
150-->[com.google.firebase:firebase-common:20.4.2] AndroidManifest.xml:32:13-43
151            android:exported="false" >
151-->[com.google.firebase:firebase-crashlytics:18.6.2] AndroidManifest.xml:14:13-37
152            <meta-data
152-->[com.google.firebase:firebase-crashlytics:18.6.2] AndroidManifest.xml:15:13-17:85
153                android:name="com.google.firebase.components:com.google.firebase.crashlytics.FirebaseCrashlyticsKtxRegistrar"
153-->[com.google.firebase:firebase-crashlytics:18.6.2] AndroidManifest.xml:16:17-126
154                android:value="com.google.firebase.components.ComponentRegistrar" />
154-->[com.google.firebase:firebase-crashlytics:18.6.2] AndroidManifest.xml:17:17-82
155            <meta-data
155-->[com.google.firebase:firebase-crashlytics:18.6.2] AndroidManifest.xml:18:13-20:85
156                android:name="com.google.firebase.components:com.google.firebase.crashlytics.CrashlyticsRegistrar"
156-->[com.google.firebase:firebase-crashlytics:18.6.2] AndroidManifest.xml:19:17-115
157                android:value="com.google.firebase.components.ComponentRegistrar" />
157-->[com.google.firebase:firebase-crashlytics:18.6.2] AndroidManifest.xml:20:17-82
158            <meta-data
158-->[com.google.firebase:firebase-config-ktx:21.6.1] AndroidManifest.xml:12:13-14:85
159                android:name="com.google.firebase.components:com.google.firebase.remoteconfig.ktx.FirebaseConfigLegacyRegistrar"
159-->[com.google.firebase:firebase-config-ktx:21.6.1] AndroidManifest.xml:13:17-129
160                android:value="com.google.firebase.components.ComponentRegistrar" />
160-->[com.google.firebase:firebase-config-ktx:21.6.1] AndroidManifest.xml:14:17-82
161            <meta-data
161-->[com.google.firebase:firebase-messaging:23.4.1] AndroidManifest.xml:57:13-59:85
162                android:name="com.google.firebase.components:com.google.firebase.messaging.FirebaseMessagingKtxRegistrar"
162-->[com.google.firebase:firebase-messaging:23.4.1] AndroidManifest.xml:58:17-122
163                android:value="com.google.firebase.components.ComponentRegistrar" />
163-->[com.google.firebase:firebase-messaging:23.4.1] AndroidManifest.xml:59:17-82
164            <meta-data
164-->[com.google.firebase:firebase-messaging:23.4.1] AndroidManifest.xml:60:13-62:85
165                android:name="com.google.firebase.components:com.google.firebase.messaging.FirebaseMessagingRegistrar"
165-->[com.google.firebase:firebase-messaging:23.4.1] AndroidManifest.xml:61:17-119
166                android:value="com.google.firebase.components.ComponentRegistrar" />
166-->[com.google.firebase:firebase-messaging:23.4.1] AndroidManifest.xml:62:17-82
167            <meta-data
167-->[com.google.firebase:firebase-sessions:1.2.1] AndroidManifest.xml:29:13-31:85
168                android:name="com.google.firebase.components:com.google.firebase.sessions.FirebaseSessionsRegistrar"
168-->[com.google.firebase:firebase-sessions:1.2.1] AndroidManifest.xml:30:17-117
169                android:value="com.google.firebase.components.ComponentRegistrar" />
169-->[com.google.firebase:firebase-sessions:1.2.1] AndroidManifest.xml:31:17-82
170            <meta-data
170-->[com.google.android.gms:play-services-measurement-api:21.5.1] AndroidManifest.xml:37:13-39:85
171                android:name="com.google.firebase.components:com.google.firebase.analytics.connector.internal.AnalyticsConnectorRegistrar"
171-->[com.google.android.gms:play-services-measurement-api:21.5.1] AndroidManifest.xml:38:17-139
172                android:value="com.google.firebase.components.ComponentRegistrar" />
172-->[com.google.android.gms:play-services-measurement-api:21.5.1] AndroidManifest.xml:39:17-82
173            <meta-data
173-->[com.google.firebase:firebase-config:21.6.1] AndroidManifest.xml:29:13-31:85
174                android:name="com.google.firebase.components:com.google.firebase.remoteconfig.FirebaseRemoteConfigKtxRegistrar"
174-->[com.google.firebase:firebase-config:21.6.1] AndroidManifest.xml:30:17-128
175                android:value="com.google.firebase.components.ComponentRegistrar" />
175-->[com.google.firebase:firebase-config:21.6.1] AndroidManifest.xml:31:17-82
176            <meta-data
176-->[com.google.firebase:firebase-config:21.6.1] AndroidManifest.xml:32:13-34:85
177                android:name="com.google.firebase.components:com.google.firebase.remoteconfig.RemoteConfigRegistrar"
177-->[com.google.firebase:firebase-config:21.6.1] AndroidManifest.xml:33:17-117
178                android:value="com.google.firebase.components.ComponentRegistrar" />
178-->[com.google.firebase:firebase-config:21.6.1] AndroidManifest.xml:34:17-82
179            <meta-data
179-->[com.google.firebase:firebase-installations:17.2.0] AndroidManifest.xml:15:13-17:85
180                android:name="com.google.firebase.components:com.google.firebase.installations.FirebaseInstallationsKtxRegistrar"
180-->[com.google.firebase:firebase-installations:17.2.0] AndroidManifest.xml:16:17-130
181                android:value="com.google.firebase.components.ComponentRegistrar" />
181-->[com.google.firebase:firebase-installations:17.2.0] AndroidManifest.xml:17:17-82
182            <meta-data
182-->[com.google.firebase:firebase-installations:17.2.0] AndroidManifest.xml:18:13-20:85
183                android:name="com.google.firebase.components:com.google.firebase.installations.FirebaseInstallationsRegistrar"
183-->[com.google.firebase:firebase-installations:17.2.0] AndroidManifest.xml:19:17-127
184                android:value="com.google.firebase.components.ComponentRegistrar" />
184-->[com.google.firebase:firebase-installations:17.2.0] AndroidManifest.xml:20:17-82
185            <meta-data
185-->[com.google.firebase:firebase-common-ktx:20.4.2] AndroidManifest.xml:12:13-14:85
186                android:name="com.google.firebase.components:com.google.firebase.ktx.FirebaseCommonLegacyRegistrar"
186-->[com.google.firebase:firebase-common-ktx:20.4.2] AndroidManifest.xml:13:17-116
187                android:value="com.google.firebase.components.ComponentRegistrar" />
187-->[com.google.firebase:firebase-common-ktx:20.4.2] AndroidManifest.xml:14:17-82
188            <meta-data
188-->[com.google.firebase:firebase-abt:21.1.1] AndroidManifest.xml:12:13-14:85
189                android:name="com.google.firebase.components:com.google.firebase.abt.component.AbtRegistrar"
189-->[com.google.firebase:firebase-abt:21.1.1] AndroidManifest.xml:13:17-109
190                android:value="com.google.firebase.components.ComponentRegistrar" />
190-->[com.google.firebase:firebase-abt:21.1.1] AndroidManifest.xml:14:17-82
191            <meta-data
191-->[com.google.firebase:firebase-common:20.4.2] AndroidManifest.xml:35:13-37:85
192                android:name="com.google.firebase.components:com.google.firebase.FirebaseCommonKtxRegistrar"
192-->[com.google.firebase:firebase-common:20.4.2] AndroidManifest.xml:36:17-109
193                android:value="com.google.firebase.components.ComponentRegistrar" />
193-->[com.google.firebase:firebase-common:20.4.2] AndroidManifest.xml:37:17-82
194            <meta-data
194-->[com.google.firebase:firebase-datatransport:18.1.8] AndroidManifest.xml:27:13-29:85
195                android:name="com.google.firebase.components:com.google.firebase.datatransport.TransportRegistrar"
195-->[com.google.firebase:firebase-datatransport:18.1.8] AndroidManifest.xml:28:17-115
196                android:value="com.google.firebase.components.ComponentRegistrar" />
196-->[com.google.firebase:firebase-datatransport:18.1.8] AndroidManifest.xml:29:17-82
197        </service>
198
199        <receiver
199-->[com.google.firebase:firebase-messaging:23.4.1] AndroidManifest.xml:29:9-40:20
200            android:name="com.google.firebase.iid.FirebaseInstanceIdReceiver"
200-->[com.google.firebase:firebase-messaging:23.4.1] AndroidManifest.xml:30:13-78
201            android:exported="true"
201-->[com.google.firebase:firebase-messaging:23.4.1] AndroidManifest.xml:31:13-36
202            android:permission="com.google.android.c2dm.permission.SEND" >
202-->[com.google.firebase:firebase-messaging:23.4.1] AndroidManifest.xml:32:13-73
203            <intent-filter>
203-->[com.google.firebase:firebase-messaging:23.4.1] AndroidManifest.xml:33:13-35:29
204                <action android:name="com.google.android.c2dm.intent.RECEIVE" />
204-->[com.google.firebase:firebase-messaging:23.4.1] AndroidManifest.xml:34:17-81
204-->[com.google.firebase:firebase-messaging:23.4.1] AndroidManifest.xml:34:25-78
205            </intent-filter>
206
207            <meta-data
207-->[com.google.firebase:firebase-messaging:23.4.1] AndroidManifest.xml:37:13-39:40
208                android:name="com.google.android.gms.cloudmessaging.FINISHED_AFTER_HANDLED"
208-->[com.google.firebase:firebase-messaging:23.4.1] AndroidManifest.xml:38:17-92
209                android:value="true" />
209-->[com.google.firebase:firebase-messaging:23.4.1] AndroidManifest.xml:39:17-37
210        </receiver>
211        <!--
212             FirebaseMessagingService performs security checks at runtime,
213             but set to not exported to explicitly avoid allowing another app to call it.
214        -->
215        <service
215-->[com.google.firebase:firebase-messaging:23.4.1] AndroidManifest.xml:46:9-53:19
216            android:name="com.google.firebase.messaging.FirebaseMessagingService"
216-->[com.google.firebase:firebase-messaging:23.4.1] AndroidManifest.xml:47:13-82
217            android:directBootAware="true"
217-->[com.google.firebase:firebase-messaging:23.4.1] AndroidManifest.xml:48:13-43
218            android:exported="false" >
218-->[com.google.firebase:firebase-messaging:23.4.1] AndroidManifest.xml:49:13-37
219            <intent-filter android:priority="-500" >
219-->[com.google.firebase:firebase-messaging:23.4.1] AndroidManifest.xml:50:13-52:29
219-->[com.google.firebase:firebase-messaging:23.4.1] AndroidManifest.xml:50:28-51
220                <action android:name="com.google.firebase.MESSAGING_EVENT" />
220-->[com.google.firebase:firebase-messaging:23.4.1] AndroidManifest.xml:51:17-78
220-->[com.google.firebase:firebase-messaging:23.4.1] AndroidManifest.xml:51:25-75
221            </intent-filter>
222        </service>
223        <service
223-->[com.google.firebase:firebase-sessions:1.2.1] AndroidManifest.xml:22:9-25:40
224            android:name="com.google.firebase.sessions.SessionLifecycleService"
224-->[com.google.firebase:firebase-sessions:1.2.1] AndroidManifest.xml:23:13-80
225            android:enabled="true"
225-->[com.google.firebase:firebase-sessions:1.2.1] AndroidManifest.xml:24:13-35
226            android:exported="false" />
226-->[com.google.firebase:firebase-sessions:1.2.1] AndroidManifest.xml:25:13-37
227
228        <property
228-->[com.google.android.gms:play-services-measurement-api:21.5.1] AndroidManifest.xml:30:9-32:61
229            android:name="android.adservices.AD_SERVICES_CONFIG"
229-->[com.google.android.gms:play-services-measurement-api:21.5.1] AndroidManifest.xml:31:13-65
230            android:resource="@xml/ga_ad_services_config" />
230-->[com.google.android.gms:play-services-measurement-api:21.5.1] AndroidManifest.xml:32:13-58
231
232        <meta-data
232-->[com.android.billingclient:billing:7.0.0] AndroidManifest.xml:19:9-21:37
233            android:name="com.google.android.play.billingclient.version"
233-->[com.android.billingclient:billing:7.0.0] AndroidManifest.xml:20:13-73
234            android:value="7.0.0" />
234-->[com.android.billingclient:billing:7.0.0] AndroidManifest.xml:21:13-34
235
236        <activity
236-->[com.android.billingclient:billing:7.0.0] AndroidManifest.xml:23:9-27:75
237            android:name="com.android.billingclient.api.ProxyBillingActivity"
237-->[com.android.billingclient:billing:7.0.0] AndroidManifest.xml:24:13-78
238            android:configChanges="keyboard|keyboardHidden|screenLayout|screenSize|orientation"
238-->[com.android.billingclient:billing:7.0.0] AndroidManifest.xml:25:13-96
239            android:exported="false"
239-->[com.android.billingclient:billing:7.0.0] AndroidManifest.xml:26:13-37
240            android:theme="@android:style/Theme.Translucent.NoTitleBar" />
240-->[com.android.billingclient:billing:7.0.0] AndroidManifest.xml:27:13-72
241        <activity
241-->[com.android.billingclient:billing:7.0.0] AndroidManifest.xml:28:9-32:75
242            android:name="com.android.billingclient.api.ProxyBillingActivityV2"
242-->[com.android.billingclient:billing:7.0.0] AndroidManifest.xml:29:13-80
243            android:configChanges="keyboard|keyboardHidden|screenLayout|screenSize|orientation"
243-->[com.android.billingclient:billing:7.0.0] AndroidManifest.xml:30:13-96
244            android:exported="false"
244-->[com.android.billingclient:billing:7.0.0] AndroidManifest.xml:31:13-37
245            android:theme="@android:style/Theme.Translucent.NoTitleBar" />
245-->[com.android.billingclient:billing:7.0.0] AndroidManifest.xml:32:13-72
246
247        <receiver
247-->[com.google.android.gms:play-services-measurement:21.5.1] AndroidManifest.xml:29:9-33:20
248            android:name="com.google.android.gms.measurement.AppMeasurementReceiver"
248-->[com.google.android.gms:play-services-measurement:21.5.1] AndroidManifest.xml:30:13-85
249            android:enabled="true"
249-->[com.google.android.gms:play-services-measurement:21.5.1] AndroidManifest.xml:31:13-35
250            android:exported="false" >
250-->[com.google.android.gms:play-services-measurement:21.5.1] AndroidManifest.xml:32:13-37
251        </receiver>
252
253        <service
253-->[com.google.android.gms:play-services-measurement:21.5.1] AndroidManifest.xml:35:9-38:40
254            android:name="com.google.android.gms.measurement.AppMeasurementService"
254-->[com.google.android.gms:play-services-measurement:21.5.1] AndroidManifest.xml:36:13-84
255            android:enabled="true"
255-->[com.google.android.gms:play-services-measurement:21.5.1] AndroidManifest.xml:37:13-35
256            android:exported="false" />
256-->[com.google.android.gms:play-services-measurement:21.5.1] AndroidManifest.xml:38:13-37
257        <service
257-->[com.google.android.gms:play-services-measurement:21.5.1] AndroidManifest.xml:39:9-43:72
258            android:name="com.google.android.gms.measurement.AppMeasurementJobService"
258-->[com.google.android.gms:play-services-measurement:21.5.1] AndroidManifest.xml:40:13-87
259            android:enabled="true"
259-->[com.google.android.gms:play-services-measurement:21.5.1] AndroidManifest.xml:41:13-35
260            android:exported="false"
260-->[com.google.android.gms:play-services-measurement:21.5.1] AndroidManifest.xml:42:13-37
261            android:permission="android.permission.BIND_JOB_SERVICE" />
261-->[com.google.android.gms:play-services-measurement:21.5.1] AndroidManifest.xml:43:13-69
262
263        <provider